Flow report for CompuertaOR
Tue May 21 16:40:07 2024
Quartus Prime Version 23.1std.0 Build 991 11/28/2023 SC Lite Edition


---------------------
; Table of Contents ;
---------------------
  1. Legal Notice
  2. Flow Summary
  3. Flow Settings
  4. Flow Non-Default Global Settings
  5. Flow Elapsed Time
  6. Flow OS Summary
  7. Flow Log
  8. Flow Messages
  9. Flow Suppressed Messages



----------------
; Legal Notice ;
----------------
Copyright (C) 2023  Intel Corporation. All rights reserved.
Your use of Intel Corporation's design tools, logic functions 
and other software and tools, and any partner logic 
functions, and any output files from any of the foregoing 
(including device programming or simulation files), and any 
associated documentation or information are expressly subject 
to the terms and conditions of the Intel Program License 
Subscription Agreement, the Intel Quartus Prime License Agreement,
the Intel FPGA IP License Agreement, or other applicable license
agreement, including, without limitation, that your use is for
the sole purpose of programming logic devices manufactured by
Intel and sold by Intel or its authorized distributors.  Please
refer to the applicable agreement for further details, at
https://fpgasoftware.intel.com/eula.



+------------------------------------------------------------------------+
; Flow Summary                                                           ;
+-----------------------+------------------------------------------------+
; Flow Status           ; Flow Failed - Tue May 21 16:40:07 2024         ;
; Quartus Prime Version ; 23.1std.0 Build 991 11/28/2023 SC Lite Edition ;
; Revision Name         ; CompuertaOR                                    ;
; Top-level Entity Name ; CompuertaOR                                    ;
; Family                ; MAX II                                         ;
; Device                ; EPM240F100C5                                   ;
; Timing Models         ; Final                                          ;
+-----------------------+------------------------------------------------+


+-----------------------------------------+
; Flow Settings                           ;
+-------------------+---------------------+
; Option            ; Setting             ;
+-------------------+---------------------+
; Start date & time ; 05/21/2024 16:39:58 ;
; Main task         ; Compilation         ;
; Revision Name     ; CompuertaOR         ;
+-------------------+---------------------+


+-------------------------------------------------------------------------------------------------------------------------------------------+
; Flow Non-Default Global Settings                                                                                                          ;
+---------------------------------------+---------------------------------+---------------+-------------+-----------------------------------+
; Assignment Name                       ; Value                           ; Default Value ; Entity Name ; Section Id                        ;
+---------------------------------------+---------------------------------+---------------+-------------+-----------------------------------+
; COMPILER_SIGNATURE_ID                 ; 115287452053873.171633119815500 ; --            ; --          ; --                                ;
; EDA_GENERATE_FUNCTIONAL_NETLIST       ; Off                             ; --            ; --          ; eda_board_design_timing           ;
; EDA_GENERATE_FUNCTIONAL_NETLIST       ; Off                             ; --            ; --          ; eda_board_design_boundary_scan    ;
; EDA_GENERATE_FUNCTIONAL_NETLIST       ; Off                             ; --            ; --          ; eda_board_design_signal_integrity ;
; EDA_GENERATE_FUNCTIONAL_NETLIST       ; Off                             ; --            ; --          ; eda_board_design_symbol           ;
; EDA_OUTPUT_DATA_FORMAT                ; Verilog Hdl                     ; --            ; --          ; eda_simulation                    ;
; EDA_SIMULATION_TOOL                   ; Questa Intel FPGA (Verilog)     ; <None>        ; --          ; --                                ;
; EDA_TIME_SCALE                        ; 1 ps                            ; --            ; --          ; eda_simulation                    ;
; MAX_CORE_JUNCTION_TEMP                ; 85                              ; --            ; --          ; --                                ;
; MIN_CORE_JUNCTION_TEMP                ; 0                               ; --            ; --          ; --                                ;
; POWER_EXT_SUPPLY_VOLTAGE_TO_REGULATOR ; 3.3V                            ; --            ; --          ; --                                ;
; PROJECT_OUTPUT_DIRECTORY              ; output_files                    ; --            ; --          ; --                                ;
+---------------------------------------+---------------------------------+---------------+-------------+-----------------------------------+


+--------------------------------------------------------------------------------------------------------------------------+
; Flow Elapsed Time                                                                                                        ;
+----------------------+--------------+-------------------------+---------------------+------------------------------------+
; Module Name          ; Elapsed Time ; Average Processors Used ; Peak Virtual Memory ; Total CPU Time (on all processors) ;
+----------------------+--------------+-------------------------+---------------------+------------------------------------+
; Analysis & Synthesis ; 00:00:10     ; 1.0                     ; 4761 MB             ; 00:00:11                           ;
; Total                ; 00:00:10     ; --                      ; --                  ; 00:00:11                           ;
+----------------------+--------------+-------------------------+---------------------+------------------------------------+


+------------------------------------------------------------------------------------+
; Flow OS Summary                                                                    ;
+----------------------+------------------+------------+------------+----------------+
; Module Name          ; Machine Hostname ; OS Name    ; OS Version ; Processor type ;
+----------------------+------------------+------------+------------+----------------+
; Analysis & Synthesis ; DESKTOP-04R1LQK  ; Windows 10 ; 10.0       ; x86_64         ;
+----------------------+------------------+------------+------------+----------------+


------------
; Flow Log ;
------------
quartus_map --read_settings_files=on --write_settings_files=off CompuertaOR -c CompuertaOR



